{
  "stats": {
    "suites": 1,
    "tests": 1,
    "passes": 1,
    "pending": 0,
    "failures": 0,
    "start": "2025-12-11T05:44:57.298Z",
    "end": "2025-12-11T05:45:05.701Z",
    "duration": 8403,
    "testsRegistered": 1,
    "passPercent": 100,
    "pendingPercent": 0,
    "other": 0,
    "hasOther": false,
    "skipped": 0,
    "hasSkipped": false
  },
  "results": [
    {
      "uuid": "2b73f5aa-dfe6-45b2-b9c8-c238a4c2f9f9",
      "title": "",
      "fullFile": "cypress\\e2e\\tutor\\createTutor.cy.js",
      "file": "cypress\\e2e\\tutor\\createTutor.cy.js",
      "beforeHooks": [],
      "afterHooks": [],
      "tests": [],
      "suites": [
        {
          "uuid": "3231c56d-b65a-4cf5-870c-0a3f00fbb0d1",
          "title": "Tutor Onboarding - Step 1 (Basic Details)",
          "fullFile": "",
          "file": "",
          "beforeHooks": [],
          "afterHooks": [],
          "tests": [
            {
              "title": "Positive Case: Complete Step 1 Successfully",
              "fullTitle": "Tutor Onboarding - Step 1 (Basic Details) Positive Case: Complete Step 1 Successfully",
              "timedOut": null,
              "duration": 7947,
              "state": "passed",
              "speed": "medium",
              "pass": true,
              "fail": false,
              "pending": false,
              "context": "{\n  \"title\": \"cypress-mochawesome-reporter-videos-passed\",\n  \"value\": \"cypress\\\\e2e\\\\tutor\\\\createTutor.cy.js\"\n}",
              "code": "_landingPage.default.hoverBecomeTutor();\n_landingPage.default.clickEnrollTutor();\n_tutorOnboardingStep.default.assertPageLoaded();\n_tutorOnboardingStep.default.uploadProfilePhoto(_tutorData.default.valid.photo);\n_tutorOnboardingStep.default.enterFirstName(_tutorData.default.valid.firstName);\n_tutorOnboardingStep.default.enterLastName(_tutorData.default.valid.lastName);\n_tutorOnboardingStep.default.enterEmail(_tutorData.default.valid.email);\n_tutorOnboardingStep.default.clickNext();\ncy.url().should(\"include\", \"/enrol-tutor\");",
              "err": {},
              "uuid": "d2bbee5d-f750-4639-b89c-dc160d421875",
              "parentUUID": "3231c56d-b65a-4cf5-870c-0a3f00fbb0d1",
              "isHook": false,
              "skipped": false
            }
          ],
          "suites": [],
          "passes": [
            "d2bbee5d-f750-4639-b89c-dc160d421875"
          ],
          "failures": [],
          "pending": [],
          "skipped": [],
          "duration": 7947,
          "root": false,
          "rootEmpty": false,
          "_timeout": 2000
        }
      ],
      "passes": [],
      "failures": [],
      "pending": [],
      "skipped": [],
      "duration": 0,
      "root": true,
      "rootEmpty": true,
      "_timeout": 2000
    }
  ],
  "meta": {
    "mocha": {
      "version": "7.2.0"
    },
    "mochawesome": {
      "options": {
        "quiet": false,
        "reportFilename": "mochawesome",
        "saveHtml": false,
        "saveJson": true,
        "consoleReporter": "spec",
        "useInlineDiffs": false,
        "code": true
      },
      "version": "7.1.4"
    },
    "marge": {
      "options": {
        "reportDir": "cypress\\reports\\mochawesome\\.jsons",
        "charts": true,
        "reportPageTitle": "TutorsValley Automation Report",
        "embeddedScreenshots": true,
        "inlineAssets": true,
        "saveJson": true,
        "overwrite": false,
        "html": false,
        "json": true
      },
      "version": "6.3.2"
    }
  }
}