{
  "stats": {
    "suites": 1,
    "tests": 2,
    "passes": 2,
    "pending": 0,
    "failures": 0,
    "start": "2025-11-27T09:18:36.965Z",
    "end": "2025-11-27T09:18:52.231Z",
    "duration": 15266,
    "testsRegistered": 2,
    "passPercent": 100,
    "pendingPercent": 0,
    "other": 0,
    "hasOther": false,
    "skipped": 0,
    "hasSkipped": false
  },
  "results": [
    {
      "uuid": "1c1671bc-7a5c-4b40-979a-f4c71eb8b9b3",
      "title": "",
      "fullFile": "cypress\\e2e\\login\\tutorLogin.cy.js",
      "file": "cypress\\e2e\\login\\tutorLogin.cy.js",
      "beforeHooks": [],
      "afterHooks": [],
      "tests": [],
      "suites": [
        {
          "uuid": "4a60b7a4-8f9f-423e-a8a9-0045ef42ec69",
          "title": "Tutor Login Flow",
          "fullFile": "",
          "file": "",
          "beforeHooks": [],
          "afterHooks": [],
          "tests": [
            {
              "title": "should login tutor, accept modal & verify dashboard & store token",
              "fullTitle": "Tutor Login Flow should login tutor, accept modal & verify dashboard & store token",
              "timedOut": null,
              "duration": 9000,
              "state": "passed",
              "speed": "medium",
              "pass": true,
              "fail": false,
              "pending": false,
              "context": "{\n  \"title\": \"cypress-mochawesome-reporter-videos-passed\",\n  \"value\": \"cypress\\\\e2e\\\\login\\\\tutorLogin.cy.js\"\n}",
              "code": "// Intercept login API\ncy.intercept('POST', '/api/v1/login').as('tutorLogin');\n// Perform UI Login\n_loginPage.loginPage.login(this.creds.email, this.creds.password);\ncy.wait('@tutorLogin').its('response.statusCode').should('eq', 200);\n// Ensure T&C Modal is visible\ncy.get('.modal-content', {\n  timeout: 10000\n}).should('be.visible');\n// Scroll & Click \"I Agree\" Button\ncy.contains('button', 'I Agree').scrollIntoView().should('be.visible').click();\n// Verify redirected to Tutor Dashboard\ncy.url().should('include', '/tutor');\n// Verify Welcome message\ncy.contains('Welcome, DEMO.TUTOR', {\n  timeout: 10000\n}).should('be.visible');\n// Verify Token in LocalStorage\ncy.verifyToken();",
              "err": {},
              "uuid": "6a5cbdcb-767e-4436-84d9-f55a40a0baad",
              "parentUUID": "4a60b7a4-8f9f-423e-a8a9-0045ef42ec69",
              "isHook": false,
              "skipped": false
            },
            {
              "title": "should fail login with invalid password",
              "fullTitle": "Tutor Login Flow should fail login with invalid password",
              "timedOut": null,
              "duration": 5875,
              "state": "passed",
              "speed": "medium",
              "pass": true,
              "fail": false,
              "pending": false,
              "context": "{\n  \"title\": \"cypress-mochawesome-reporter-videos-passed\",\n  \"value\": \"cypress\\\\e2e\\\\login\\\\tutorLogin.cy.js\"\n}",
              "code": "cy.intercept('POST', '/api/v1/login').as('loginFail');\n_loginPage.loginPage.login(this.creds.email, 'wrongpassword');\ncy.wait('@loginFail').its('response.statusCode').should('eq', 400);\ncy.contains('Invalid login credentials').should('be.visible');\ncy.url().should('include', '/login');",
              "err": {},
              "uuid": "8d6ed470-72bf-406a-a275-cbdc7d487a2a",
              "parentUUID": "4a60b7a4-8f9f-423e-a8a9-0045ef42ec69",
              "isHook": false,
              "skipped": false
            }
          ],
          "suites": [],
          "passes": [
            "6a5cbdcb-767e-4436-84d9-f55a40a0baad",
            "8d6ed470-72bf-406a-a275-cbdc7d487a2a"
          ],
          "failures": [],
          "pending": [],
          "skipped": [],
          "duration": 14875,
          "root": false,
          "rootEmpty": false,
          "_timeout": 2000
        }
      ],
      "passes": [],
      "failures": [],
      "pending": [],
      "skipped": [],
      "duration": 0,
      "root": true,
      "rootEmpty": true,
      "_timeout": 2000
    }
  ],
  "meta": {
    "mocha": {
      "version": "7.2.0"
    },
    "mochawesome": {
      "options": {
        "quiet": false,
        "reportFilename": "mochawesome",
        "saveHtml": false,
        "saveJson": true,
        "consoleReporter": "spec",
        "useInlineDiffs": false,
        "code": true
      },
      "version": "7.1.4"
    },
    "marge": {
      "options": {
        "charts": true,
        "reportPageTitle": "TutorsValley Automation Report",
        "embeddedScreenshots": true,
        "inlineAssets": true,
        "overwrite": false,
        "html": false,
        "json": true,
        "reportDir": "cypress\\reports\\html\\.jsons"
      },
      "version": "6.3.2"
    }
  }
}