{
  "stats": {
    "suites": 0,
    "tests": 1,
    "passes": 0,
    "pending": 0,
    "failures": 1,
    "start": "2025-11-26T06:07:26.219Z",
    "end": "2025-11-26T06:07:26.413Z",
    "duration": 194,
    "testsRegistered": 1,
    "passPercent": 0,
    "pendingPercent": 0,
    "other": 0,
    "hasOther": false,
    "skipped": 0,
    "hasSkipped": false
  },
  "results": [
    {
      "uuid": "bb65d8be-0a3f-4be7-8dd4-b38e1453489a",
      "title": "",
      "fullFile": "cypress\\e2e\\tutor\\profile.cy.js",
      "file": "cypress\\e2e\\tutor\\profile.cy.js",
      "beforeHooks": [],
      "afterHooks": [],
      "tests": [
        {
          "title": "An uncaught error was detected outside of a test",
          "fullTitle": "An uncaught error was detected outside of a test",
          "timedOut": null,
          "duration": 173,
          "state": "failed",
          "speed": null,
          "pass": false,
          "fail": true,
          "pending": false,
          "context": null,
          "code": "throw err;",
          "err": {
            "message": "CypressError: The following error originated from your test code, not from Cypress.\n\n  > `Cypress.Commands.add()` cannot create a new command named `waitFor` because that name is reserved internally by Cypress.\n\nWhen Cypress detects uncaught errors originating from your test code it will automatically fail the current test.\n\nCypress could not associate this error to any specific test.\n\nWe dynamically generated a new test to display this failure.\n\nhttps://on.cypress.io/custom-commands",
            "estack": "CypressError: The following error originated from your test code, not from Cypress.\n\n  > `Cypress.Commands.add()` cannot create a new command named `waitFor` because that name is reserved internally by Cypress.\n\nWhen Cypress detects uncaught errors originating from your test code it will automatically fail the current test.\n\nCypress could not associate this error to any specific test.\n\nWe dynamically generated a new test to display this failure.\n\nhttps://on.cypress.io/custom-commands\n    at internalError (https://beta.tutorsvalley.com/__cypress/runner/cypress_runner.js:113801:39)\n    at Object.add (https://beta.tutorsvalley.com/__cypress/runner/cypress_runner.js:113857:11)\n    at ./cypress/support/commands.js (webpack://tutorsvalley-automation/./cypress/support/commands.js:39:17)\n    at __webpack_require__ (webpack://tutorsvalley-automation/webpack/bootstrap:19:0)\n    at eval (webpack://tutorsvalley-automation/./cypress/support/e2e.js:17:0)\n    at eval (https://beta.tutorsvalley.com/__cypress/tests?p=cypress\\support\\e2e.js:790:3)\n    at eval (https://beta.tutorsvalley.com/__cypress/tests?p=cypress\\support\\e2e.js:792:12)\n    at eval (<anonymous>)\n    at <unknown> (https://beta.tutorsvalley.com/__cypress/runner/cypress_runner.js:113680:23)\n    at tryCatcher (https://beta.tutorsvalley.com/__cypress/runner/cypress_runner.js:1777:23)\n\nFrom Cypress Internals:\n      at internalError (https://beta.tutorsvalley.com/__cypress/runner/cypress_runner.js:113805:91)\n      at Object.add (https://beta.tutorsvalley.com/__cypress/runner/cypress_runner.js:113857:11)\n      at ./cypress/support/commands.js (webpack://tutorsvalley-automation/./cypress/support/commands.js:39:17)\n      at __webpack_require__ (webpack://tutorsvalley-automation/webpack/bootstrap:19:0)\n      at eval (webpack://tutorsvalley-automation/./cypress/support/e2e.js:17:0)\n      at eval (https://beta.tutorsvalley.com/__cypress/tests?p=cypress\\support\\e2e.js:790:3)\n      at eval (https://beta.tutorsvalley.com/__cypress/tests?p=cypress\\support\\e2e.js:792:12)\n  at eval (<anonymous>)\n      at <unknown> (https://beta.tutorsvalley.com/__cypress/runner/cypress_runner.js:113680:23)\n      at tryCatcher (https://beta.tutorsvalley.com/__cypress/runner/cypress_runner.js:1777:23)\n      at Object.gotValue (https://beta.tutorsvalley.com/__cypress/runner/cypress_runner.js:6446:18)\n      at Object.gotAccum (https://beta.tutorsvalley.com/__cypress/runner/cypress_runner.js:6435:25)\n      at Object.tryCatcher (https://beta.tutorsvalley.com/__cypress/runner/cypress_runner.js:1777:23)\n      at Promise._settlePromiseFromHandler (https://beta.tutorsvalley.com/__cypress/runner/cypress_runner.js:1489:31)\n      at Promise._settlePromise (https://beta.tutorsvalley.com/__cypress/runner/cypress_runner.js:1546:18)\n      at Promise._settlePromiseCtx (https://beta.tutorsvalley.com/__cypress/runner/cypress_runner.js:1583:10)\n      at _drainQueueStep (https://beta.tutorsvalley.com/__cypress/runner/cypress_runner.js:2381:12)\n      at _drainQueue (https://beta.tutorsvalley.com/__cypress/runner/cypress_runner.js:2370:9)\n      at Async._drainQueues (https://beta.tutorsvalley.com/__cypress/runner/cypress_runner.js:2386:5)\n      at Async.drainQueues (https://beta.tutorsvalley.com/__cypress/runner/cypress_runner.js:2256:14)",
            "diff": null
          },
          "uuid": "0b5d28cf-2593-4803-8a04-854613ed198d",
          "parentUUID": "bb65d8be-0a3f-4be7-8dd4-b38e1453489a",
          "isHook": false,
          "skipped": false
        }
      ],
      "suites": [],
      "passes": [],
      "failures": [
        "0b5d28cf-2593-4803-8a04-854613ed198d"
      ],
      "pending": [],
      "skipped": [],
      "duration": 173,
      "root": true,
      "rootEmpty": false,
      "_timeout": 2000
    }
  ],
  "meta": {
    "mocha": {
      "version": "7.2.0"
    },
    "mochawesome": {
      "options": {
        "quiet": false,
        "reportFilename": "mochawesome",
        "saveHtml": false,
        "saveJson": true,
        "consoleReporter": "spec",
        "useInlineDiffs": false,
        "code": true
      },
      "version": "7.1.4"
    },
    "marge": {
      "options": {
        "reportDir": "reports",
        "overwrite": false,
        "html": false,
        "json": true
      },
      "version": "6.3.2"
    }
  }
}