<!doctype html>
<html lang="en"><head><meta charSet="utf-8"/><meta http-equiv="X-UA-Compatible" content="IE=edge"/><meta name="viewport" content="width=device-width, initial-scale=1"/><title>Mochawesome Report</title><link rel="stylesheet" href="assets\app.css"/></head><body data-raw="{&quot;stats&quot;:{&quot;suites&quot;:4,&quot;tests&quot;:6,&quot;passes&quot;:1,&quot;pending&quot;:0,&quot;failures&quot;:5,&quot;testsRegistered&quot;:6,&quot;passPercent&quot;:16.666666666666668,&quot;pendingPercent&quot;:0,&quot;other&quot;:0,&quot;hasOther&quot;:false,&quot;skipped&quot;:0,&quot;hasSkipped&quot;:false,&quot;start&quot;:&quot;2025-12-11T05:44:23.952Z&quot;,&quot;end&quot;:&quot;2025-12-11T05:45:09.764Z&quot;,&quot;duration&quot;:45812},&quot;results&quot;:[{&quot;uuid&quot;:&quot;9807918a-6c5f-445a-a729-c8ca75f68c69&quot;,&quot;title&quot;:&quot;&quot;,&quot;fullFile&quot;:&quot;cypress\\e2e\\tutor\\contactDetails_positive.cy.js&quot;,&quot;file&quot;:&quot;cypress\\e2e\\tutor\\contactDetails_positive.cy.js&quot;,&quot;beforeHooks&quot;:[],&quot;afterHooks&quot;:[],&quot;tests&quot;:[],&quot;suites&quot;:[{&quot;uuid&quot;:&quot;b96c7b00-2308-485d-8516-5443d45e2c6c&quot;,&quot;title&quot;:&quot;Tutor Onboarding - Contact Details (Positive)&quot;,&quot;fullFile&quot;:&quot;&quot;,&quot;file&quot;:&quot;&quot;,&quot;beforeHooks&quot;:[],&quot;afterHooks&quot;:[],&quot;tests&quot;:[{&quot;title&quot;:&quot;Should complete Contact Details with auto-fill&quot;,&quot;fullTitle&quot;:&quot;Tutor Onboarding - Contact Details (Positive) Should complete Contact Details with auto-fill&quot;,&quot;timedOut&quot;:null,&quot;duration&quot;:3934,&quot;state&quot;:&quot;failed&quot;,&quot;speed&quot;:null,&quot;pass&quot;:false,&quot;fail&quot;:true,&quot;pending&quot;:false,&quot;context&quot;:&quot;[\n  {\n    \&quot;title\&quot;: \&quot;cypress-mochawesome-reporter-videos-failed\&quot;,\n    \&quot;value\&quot;: \&quot;cypress\\\\e2e\\\\tutor\\\\contactDetails_positive.cy.js\&quot;\n  },\n  {\n    \&quot;title\&quot;: \&quot;cypress-mochawesome-reporter-screenshots\&quot;,\n    \&quot;value\&quot;: [\n      [\n        \&quot;\\\\contactDetails_positive.cy.js\\\\Tutor Onboarding - Contact Details (Positive) -- Should complete Contact Details with auto-fill (failed)-1765431892837.png\&quot;\n      ]\n    ]\n  }\n]&quot;,&quot;code&quot;:&quot;cy.cy.fillContactDetails(_tutorData.default);\ncy.clickNext();\ncy.url().should(&#x27;include&#x27;, &#x27;/onboarding/select-courses&#x27;);&quot;,&quot;err&quot;:{&quot;message&quot;:&quot;TypeError: Cannot read properties of undefined (reading &#x27;fillContactDetails&#x27;)&quot;,&quot;estack&quot;:&quot;TypeError: Cannot read properties of undefined (reading &#x27;fillContactDetails&#x27;)\n    at Context.eval (webpack://tutorsvalley-automation/./cypress/e2e/tutor/contactDetails_positive.cy.js:12:11)\n    at runnable.fn (https://beta.tutorsvalley.com/__cypress/runner/cypress_runner.js:146091:19)\n    at callFn (https://beta.tutorsvalley.com/__cypress/runner/cypress_runner.js:165185:21)\n    at Runnable.run (https://beta.tutorsvalley.com/__cypress/runner/cypress_runner.js:165172:7)\n    at &lt;unknown&gt; (https://beta.tutorsvalley.com/__cypress/runner/cypress_runner.js:171267:30)\n    at PassThroughHandlerContext.finallyHandler (https://beta.tutorsvalley.com/__cypress/runner/cypress_runner.js:4042:23)\n    at PassThroughHandlerContext.tryCatcher (https://beta.tutorsvalley.com/__cypress/runner/cypress_runner.js:1777:23)\n    at Promise._settlePromiseFromHandler (https://beta.tutorsvalley.com/__cypress/runner/cypress_runner.js:1489:31)\n    at Promise._settlePromise (https://beta.tutorsvalley.com/__cypress/runner/cypress_runner.js:1546:18)&quot;,&quot;diff&quot;:null},&quot;uuid&quot;:&quot;908fb83a-5772-42b9-80f7-630a2b749209&quot;,&quot;parentUUID&quot;:&quot;b96c7b00-2308-485d-8516-5443d45e2c6c&quot;,&quot;isHook&quot;:false,&quot;skipped&quot;:false}],&quot;suites&quot;:[],&quot;passes&quot;:[],&quot;failures&quot;:[&quot;908fb83a-5772-42b9-80f7-630a2b749209&quot;],&quot;pending&quot;:[],&quot;skipped&quot;:[],&quot;duration&quot;:3934,&quot;root&quot;:false,&quot;rootEmpty&quot;:false,&quot;_timeout&quot;:2000}],&quot;passes&quot;:[],&quot;failures&quot;:[],&quot;pending&quot;:[],&quot;skipped&quot;:[],&quot;duration&quot;:0,&quot;root&quot;:true,&quot;rootEmpty&quot;:true,&quot;_timeout&quot;:2000},{&quot;uuid&quot;:&quot;2b73f5aa-dfe6-45b2-b9c8-c238a4c2f9f9&quot;,&quot;title&quot;:&quot;&quot;,&quot;fullFile&quot;:&quot;cypress\\e2e\\tutor\\createTutor.cy.js&quot;,&quot;file&quot;:&quot;cypress\\e2e\\tutor\\createTutor.cy.js&quot;,&quot;beforeHooks&quot;:[],&quot;afterHooks&quot;:[],&quot;tests&quot;:[],&quot;suites&quot;:[{&quot;uuid&quot;:&quot;3231c56d-b65a-4cf5-870c-0a3f00fbb0d1&quot;,&quot;title&quot;:&quot;Tutor Onboarding - Step 1 (Basic Details)&quot;,&quot;fullFile&quot;:&quot;&quot;,&quot;file&quot;:&quot;&quot;,&quot;beforeHooks&quot;:[],&quot;afterHooks&quot;:[],&quot;tests&quot;:[{&quot;title&quot;:&quot;Positive Case: Complete Step 1 Successfully&quot;,&quot;fullTitle&quot;:&quot;Tutor Onboarding - Step 1 (Basic Details) Positive Case: Complete Step 1 Successfully&quot;,&quot;timedOut&quot;:null,&quot;duration&quot;:7947,&quot;state&quot;:&quot;passed&quot;,&quot;speed&quot;:&quot;medium&quot;,&quot;pass&quot;:true,&quot;fail&quot;:false,&quot;pending&quot;:false,&quot;context&quot;:&quot;{\n  \&quot;title\&quot;: \&quot;cypress-mochawesome-reporter-videos-passed\&quot;,\n  \&quot;value\&quot;: \&quot;cypress\\\\e2e\\\\tutor\\\\createTutor.cy.js\&quot;\n}&quot;,&quot;code&quot;:&quot;_landingPage.default.hoverBecomeTutor();\n_landingPage.default.clickEnrollTutor();\n_tutorOnboardingStep.default.assertPageLoaded();\n_tutorOnboardingStep.default.uploadProfilePhoto(_tutorData.default.valid.photo);\n_tutorOnboardingStep.default.enterFirstName(_tutorData.default.valid.firstName);\n_tutorOnboardingStep.default.enterLastName(_tutorData.default.valid.lastName);\n_tutorOnboardingStep.default.enterEmail(_tutorData.default.valid.email);\n_tutorOnboardingStep.default.clickNext();\ncy.url().should(\&quot;include\&quot;, \&quot;/enrol-tutor\&quot;);&quot;,&quot;err&quot;:{},&quot;uuid&quot;:&quot;d2bbee5d-f750-4639-b89c-dc160d421875&quot;,&quot;parentUUID&quot;:&quot;3231c56d-b65a-4cf5-870c-0a3f00fbb0d1&quot;,&quot;isHook&quot;:false,&quot;skipped&quot;:false}],&quot;suites&quot;:[],&quot;passes&quot;:[&quot;d2bbee5d-f750-4639-b89c-dc160d421875&quot;],&quot;failures&quot;:[],&quot;pending&quot;:[],&quot;skipped&quot;:[],&quot;duration&quot;:7947,&quot;root&quot;:false,&quot;rootEmpty&quot;:false,&quot;_timeout&quot;:2000}],&quot;passes&quot;:[],&quot;failures&quot;:[],&quot;pending&quot;:[],&quot;skipped&quot;:[],&quot;duration&quot;:0,&quot;root&quot;:true,&quot;rootEmpty&quot;:true,&quot;_timeout&quot;:2000},{&quot;uuid&quot;:&quot;ec2b2764-c48b-403b-ad41-e0a08279ab24&quot;,&quot;title&quot;:&quot;&quot;,&quot;fullFile&quot;:&quot;cypress\\e2e\\tutor\\step1_negative.cy.js&quot;,&quot;file&quot;:&quot;cypress\\e2e\\tutor\\step1_negative.cy.js&quot;,&quot;beforeHooks&quot;:[],&quot;afterHooks&quot;:[],&quot;tests&quot;:[{&quot;title&quot;:&quot;An uncaught error was detected outside of a test&quot;,&quot;fullTitle&quot;:&quot;An uncaught error was detected outside of a test&quot;,&quot;timedOut&quot;:null,&quot;duration&quot;:281,&quot;state&quot;:&quot;failed&quot;,&quot;speed&quot;:null,&quot;pass&quot;:false,&quot;fail&quot;:true,&quot;pending&quot;:false,&quot;context&quot;:&quot;[\n  {\n    \&quot;title\&quot;: \&quot;cypress-mochawesome-reporter-videos-failed\&quot;,\n    \&quot;value\&quot;: \&quot;cypress\\\\e2e\\\\tutor\\\\step1_negative.cy.js\&quot;\n  },\n  {\n    \&quot;title\&quot;: \&quot;cypress-mochawesome-reporter-screenshots\&quot;,\n    \&quot;value\&quot;: [\n      [\n        \&quot;\\\\step1_negative.cy.js\\\\An uncaught error was detected outside of a test (failed)-1765431909689.png\&quot;\n      ]\n    ]\n  }\n]&quot;,&quot;code&quot;:&quot;throw err;&quot;,&quot;err&quot;:{&quot;message&quot;:&quot;TypeError: The following error originated from your test code, not from Cypress.\n\n  &gt; Test argument \&quot;title\&quot; should be a string. Received type \&quot;undefined\&quot;\n\nWhen Cypress detects uncaught errors originating from your test code it will automatically fail the current test.\n\nCypress could not associate this error to any specific test.\n\nWe dynamically generated a new test to display this failure.&quot;,&quot;estack&quot;:&quot;TypeError: The following error originated from your test code, not from Cypress.\n\n  &gt; Test argument \&quot;title\&quot; should be a string. Received type \&quot;undefined\&quot;\n\nWhen Cypress detects uncaught errors originating from your test code it will automatically fail the current test.\n\nCypress could not associate this error to any specific test.\n\nWe dynamically generated a new test to display this failure.\n    at createInvalidArgumentTypeError (https://beta.tutorsvalley.com/__cypress/runner/cypress_runner.js:162659:13)\n    at new Test (https://beta.tutorsvalley.com/__cypress/runner/cypress_runner.js:169043:11)\n    at context.it.context.specify (https://beta.tutorsvalley.com/__cypress/runner/cypress_runner.js:168984:18)\n    at createRunnable (https://beta.tutorsvalley.com/__cypress/runner/cypress_runner.js:152936:31)\n    at &lt;unknown&gt; (https://beta.tutorsvalley.com/__cypress/runner/cypress_runner.js:152997:14)\n    at eval (webpack://tutorsvalley-automation/./cypress/e2e/tutor/step1_negative.cy.js:13:8)\n    at Array.forEach (&lt;anonymous&gt;)\n    at Suite.eval (webpack://tutorsvalley-automation/./cypress/e2e/tutor/step1_negative.cy.js:12:34)\n    at Object.create (https://beta.tutorsvalley.com/__cypress/runner/cypress_runner.js:169252:19)\n    at context.describe.context.context (https://beta.tutorsvalley.com/__cypress/runner/cypress_runner.js:168939:27)\n    at createRunnable (https://beta.tutorsvalley.com/__cypress/runner/cypress_runner.js:152936:31)\n    at &lt;unknown&gt; (https://beta.tutorsvalley.com/__cypress/runner/cypress_runner.js:152997:14)\n    at eval (webpack://tutorsvalley-automation/./cypress/e2e/tutor/step1_negative.cy.js:4:0)\n    at eval (https://beta.tutorsvalley.com/__cypress/tests?p=cypress\\e2e\\tutor\\step1_negative.cy.js:192:3)\n    at eval (https://beta.tutorsvalley.com/__cypress/tests?p=cypress\\e2e\\tutor\\step1_negative.cy.js:194:12)\n    at eval (&lt;anonymous&gt;)\n    at &lt;unknown&gt; (https://beta.tutorsvalley.com/__cypress/runner/cypress_runner.js:113681:23)\n    at tryCatcher (https://beta.tutorsvalley.com/__cypress/runner/cypress_runner.js:1777:23)\n    at Object.gotValue (https://beta.tutorsvalley.com/__cypress/runner/cypress_runner.js:6446:18)\n    at Object.gotAccum (https://beta.tutorsvalley.com/__cypress/runner/cypress_runner.js:6435:25)\n    at Object.tryCatcher (https://beta.tutorsvalley.com/__cypress/runner/cypress_runner.js:1777:23)\n    at Promise._settlePromiseFromHandler (https://beta.tutorsvalley.com/__cypress/runner/cypress_runner.js:1489:31)&quot;,&quot;diff&quot;:null},&quot;uuid&quot;:&quot;999bbe3f-68fc-494d-9321-adf8744c0bb6&quot;,&quot;parentUUID&quot;:&quot;ec2b2764-c48b-403b-ad41-e0a08279ab24&quot;,&quot;isHook&quot;:false,&quot;skipped&quot;:false}],&quot;suites&quot;:[],&quot;passes&quot;:[],&quot;failures&quot;:[&quot;999bbe3f-68fc-494d-9321-adf8744c0bb6&quot;],&quot;pending&quot;:[],&quot;skipped&quot;:[],&quot;duration&quot;:281,&quot;root&quot;:true,&quot;rootEmpty&quot;:false,&quot;_timeout&quot;:2000},{&quot;uuid&quot;:&quot;56f1e6d7-8f88-4674-9e99-d898ff12f72d&quot;,&quot;title&quot;:&quot;&quot;,&quot;fullFile&quot;:&quot;cypress\\e2e\\tutor\\contactDetails_negative.cy.js&quot;,&quot;file&quot;:&quot;cypress\\e2e\\tutor\\contactDetails_negative.cy.js&quot;,&quot;beforeHooks&quot;:[],&quot;afterHooks&quot;:[],&quot;tests&quot;:[],&quot;suites&quot;:[{&quot;uuid&quot;:&quot;7b4c2ef9-a520-4b38-a0ab-c5b9546307dd&quot;,&quot;title&quot;:&quot;Tutor Onboarding - Contact Details (Negative)&quot;,&quot;fullFile&quot;:&quot;&quot;,&quot;file&quot;:&quot;&quot;,&quot;beforeHooks&quot;:[],&quot;afterHooks&quot;:[],&quot;tests&quot;:[{&quot;title&quot;:&quot;Should show error if country not selected&quot;,&quot;fullTitle&quot;:&quot;Tutor Onboarding - Contact Details (Negative) Should show error if country not selected&quot;,&quot;timedOut&quot;:null,&quot;duration&quot;:8393,&quot;state&quot;:&quot;failed&quot;,&quot;speed&quot;:null,&quot;pass&quot;:false,&quot;fail&quot;:true,&quot;pending&quot;:false,&quot;context&quot;:&quot;[\n  {\n    \&quot;title\&quot;: \&quot;cypress-mochawesome-reporter-videos-failed\&quot;,\n    \&quot;value\&quot;: \&quot;cypress\\\\e2e\\\\tutor\\\\contactDetails_negative.cy.js\&quot;\n  },\n  {\n    \&quot;title\&quot;: \&quot;cypress-mochawesome-reporter-screenshots\&quot;,\n    \&quot;value\&quot;: [\n      [\n        \&quot;\\\\contactDetails_negative.cy.js\\\\Tutor Onboarding - Contact Details (Negative) -- Should show error if country not selected (failed)-1765431872335.png\&quot;\n      ]\n    ]\n  }\n]&quot;,&quot;code&quot;:&quot;cy.enterZipCode(&#x27;12345&#x27;);\ncy.enterPhone(&#x27;9876543210&#x27;);\ncy.clickNext();\ncy.contains(&#x27;Country is required&#x27;).should(&#x27;be.visible&#x27;);&quot;,&quot;err&quot;:{&quot;message&quot;:&quot;AssertionError: Timed out retrying after 4000ms: Expected to find element: `input[name=\&quot;zipCode\&quot;]`, but never found it.&quot;,&quot;estack&quot;:&quot;AssertionError: Timed out retrying after 4000ms: Expected to find element: `input[name=\&quot;zipCode\&quot;]`, but never found it.\n    at Context.eval (webpack://tutorsvalley-automation/./cypress/support/commands.js:165:7)\n    at wrapped (https://beta.tutorsvalley.com/__cypress/runner/cypress_runner.js:145810:43)&quot;,&quot;diff&quot;:null},&quot;uuid&quot;:&quot;f60b340c-b9f1-4d43-9696-07c61a932716&quot;,&quot;parentUUID&quot;:&quot;7b4c2ef9-a520-4b38-a0ab-c5b9546307dd&quot;,&quot;isHook&quot;:false,&quot;skipped&quot;:false},{&quot;title&quot;:&quot;Should validate invalid zip code&quot;,&quot;fullTitle&quot;:&quot;Tutor Onboarding - Contact Details (Negative) Should validate invalid zip code&quot;,&quot;timedOut&quot;:null,&quot;duration&quot;:7085,&quot;state&quot;:&quot;failed&quot;,&quot;speed&quot;:null,&quot;pass&quot;:false,&quot;fail&quot;:true,&quot;pending&quot;:false,&quot;context&quot;:&quot;[\n  {\n    \&quot;title\&quot;: \&quot;cypress-mochawesome-reporter-videos-failed\&quot;,\n    \&quot;value\&quot;: \&quot;cypress\\\\e2e\\\\tutor\\\\contactDetails_negative.cy.js\&quot;\n  },\n  {\n    \&quot;title\&quot;: \&quot;cypress-mochawesome-reporter-screenshots\&quot;,\n    \&quot;value\&quot;: [\n      [\n        \&quot;\\\\contactDetails_negative.cy.js\\\\Tutor Onboarding - Contact Details (Negative) -- Should validate invalid zip code (failed)-1765431879614.png\&quot;\n      ]\n    ]\n  }\n]&quot;,&quot;code&quot;:&quot;cy.selectCountry(&#x27;India&#x27;);\ncy.enterZipCode(&#x27;00000&#x27;);\ncy.get(&#x27;input[name=\&quot;state\&quot;]&#x27;).should(&#x27;have.value&#x27;, &#x27;&#x27;);\ncy.get(&#x27;input[name=\&quot;city\&quot;]&#x27;).should(&#x27;have.value&#x27;, &#x27;&#x27;);\ncy.contains(&#x27;Invalid postal code&#x27;).should(&#x27;be.visible&#x27;);&quot;,&quot;err&quot;:{&quot;message&quot;:&quot;AssertionError: Timed out retrying after 4000ms: Expected to find element: `button[data-testid=\&quot;rfs-btn\&quot;]`, but never found it.&quot;,&quot;estack&quot;:&quot;AssertionError: Timed out retrying after 4000ms: Expected to find element: `button[data-testid=\&quot;rfs-btn\&quot;]`, but never found it.\n    at Context.eval (webpack://tutorsvalley-automation/./cypress/support/commands.js:160:7)\n    at wrapped (https://beta.tutorsvalley.com/__cypress/runner/cypress_runner.js:145810:43)&quot;,&quot;diff&quot;:null},&quot;uuid&quot;:&quot;263448e8-33fe-453c-a874-8cb9d13de14d&quot;,&quot;parentUUID&quot;:&quot;7b4c2ef9-a520-4b38-a0ab-c5b9546307dd&quot;,&quot;isHook&quot;:false,&quot;skipped&quot;:false},{&quot;title&quot;:&quot;Should validate invalid phone number&quot;,&quot;fullTitle&quot;:&quot;Tutor Onboarding - Contact Details (Negative) Should validate invalid phone number&quot;,&quot;timedOut&quot;:null,&quot;duration&quot;:5343,&quot;state&quot;:&quot;failed&quot;,&quot;speed&quot;:null,&quot;pass&quot;:false,&quot;fail&quot;:true,&quot;pending&quot;:false,&quot;context&quot;:&quot;[\n  {\n    \&quot;title\&quot;: \&quot;cypress-mochawesome-reporter-videos-failed\&quot;,\n    \&quot;value\&quot;: \&quot;cypress\\\\e2e\\\\tutor\\\\contactDetails_negative.cy.js\&quot;\n  },\n  {\n    \&quot;title\&quot;: \&quot;cypress-mochawesome-reporter-screenshots\&quot;,\n    \&quot;value\&quot;: [\n      [\n        \&quot;\\\\contactDetails_negative.cy.js\\\\Tutor Onboarding - Contact Details (Negative) -- Should validate invalid phone number (failed)-1765431885087.png\&quot;\n      ]\n    ]\n  }\n]&quot;,&quot;code&quot;:&quot;cy.selectCountry(&#x27;India&#x27;);\ncy.enterZipCode(&#x27;560001&#x27;);\ncy.enterPhone(&#x27;123&#x27;);\ncy.clickNext();\ncy.contains(&#x27;Enter valid phone number&#x27;).should(&#x27;be.visible&#x27;);&quot;,&quot;err&quot;:{&quot;message&quot;:&quot;AssertionError: Timed out retrying after 4000ms: Expected to find element: `button[data-testid=\&quot;rfs-btn\&quot;]`, but never found it.&quot;,&quot;estack&quot;:&quot;AssertionError: Timed out retrying after 4000ms: Expected to find element: `button[data-testid=\&quot;rfs-btn\&quot;]`, but never found it.\n    at Context.eval (webpack://tutorsvalley-automation/./cypress/support/commands.js:160:7)\n    at wrapped (https://beta.tutorsvalley.com/__cypress/runner/cypress_runner.js:145810:43)&quot;,&quot;diff&quot;:null},&quot;uuid&quot;:&quot;398fa5c9-925d-4782-a914-a758b6052b49&quot;,&quot;parentUUID&quot;:&quot;7b4c2ef9-a520-4b38-a0ab-c5b9546307dd&quot;,&quot;isHook&quot;:false,&quot;skipped&quot;:false}],&quot;suites&quot;:[],&quot;passes&quot;:[],&quot;failures&quot;:[&quot;f60b340c-b9f1-4d43-9696-07c61a932716&quot;,&quot;263448e8-33fe-453c-a874-8cb9d13de14d&quot;,&quot;398fa5c9-925d-4782-a914-a758b6052b49&quot;],&quot;pending&quot;:[],&quot;skipped&quot;:[],&quot;duration&quot;:20821,&quot;root&quot;:false,&quot;rootEmpty&quot;:false,&quot;_timeout&quot;:2000}],&quot;passes&quot;:[],&quot;failures&quot;:[],&quot;pending&quot;:[],&quot;skipped&quot;:[],&quot;duration&quot;:0,&quot;root&quot;:true,&quot;rootEmpty&quot;:true,&quot;_timeout&quot;:2000}],&quot;meta&quot;:{&quot;mocha&quot;:{&quot;version&quot;:&quot;7.2.0&quot;},&quot;mochawesome&quot;:{&quot;options&quot;:{&quot;quiet&quot;:false,&quot;reportFilename&quot;:&quot;mochawesome&quot;,&quot;saveHtml&quot;:false,&quot;saveJson&quot;:true,&quot;consoleReporter&quot;:&quot;spec&quot;,&quot;useInlineDiffs&quot;:false,&quot;code&quot;:true},&quot;version&quot;:&quot;7.1.4&quot;},&quot;marge&quot;:{&quot;options&quot;:{&quot;reportDir&quot;:&quot;cypress\\reports\\mochawesome\\.jsons&quot;,&quot;charts&quot;:true,&quot;reportPageTitle&quot;:&quot;TutorsValley Automation Report&quot;,&quot;embeddedScreenshots&quot;:true,&quot;inlineAssets&quot;:true,&quot;saveJson&quot;:true,&quot;overwrite&quot;:false,&quot;html&quot;:false,&quot;json&quot;:true},&quot;version&quot;:&quot;6.3.2&quot;}}}" data-config="{&quot;reportFilename&quot;:&quot;index&quot;,&quot;reportDir&quot;:&quot;cypress\\reports\\mochawesome&quot;,&quot;reportTitle&quot;:&quot;tutorsvalley-automation&quot;,&quot;reportPageTitle&quot;:&quot;Mochawesome Report&quot;,&quot;inline&quot;:false,&quot;inlineAssets&quot;:false,&quot;cdn&quot;:false,&quot;charts&quot;:false,&quot;enableCharts&quot;:false,&quot;code&quot;:true,&quot;enableCode&quot;:true,&quot;autoOpen&quot;:false,&quot;overwrite&quot;:true,&quot;timestamp&quot;:false,&quot;ts&quot;:false,&quot;showPassed&quot;:true,&quot;showFailed&quot;:true,&quot;showPending&quot;:true,&quot;showSkipped&quot;:false,&quot;showHooks&quot;:&quot;failed&quot;,&quot;saveJson&quot;:false,&quot;saveHtml&quot;:true,&quot;dev&quot;:false,&quot;assetsDir&quot;:&quot;cypress\\reports\\mochawesome\\assets&quot;,&quot;htmlFile&quot;:&quot;C:\\Users\\rakhi\\tutorsvalley-automation\\cypress\\reports\\mochawesome\\index.html&quot;}"><div id="report"></div><script src="assets\app.js"></script></body></html>